\BOOKMARK [1][-]{section*.1}{\376\377\000P\000r\000e\000p\000a\000r\000e\000\040\000t\000h\000e\000\040\000s\000t\000u\000d\000y\000\040\000o\000b\000j\000e\000c\000t}{}% 1
\BOOKMARK [1][-]{section*.2}{\376\377\000I\000n\000d\000i\000v\000i\000d\000u\000a\000l\000\040\000f\000e\000a\000t\000u\000r\000e\000s\000.}{}% 2
\BOOKMARK [2][-]{section*.3}{\376\377\000C\000e\000n\000t\000r\000a\000l\000i\000t\000i\000e\000s}{section*.2}% 3
\BOOKMARK [2][-]{section*.4}{\376\377\000R\000e\000l\000a\000t\000i\000o\000n\000s\000\040\000o\000f\000\040\000T\000r\000a\000d\000e\000\040\000w\000i\000t\000h\000\040\000G\000D\000P}{section*.2}% 4
\BOOKMARK [3][-]{section*.5}{\376\377\000H\000y\000p\000o\000t\000h\000e\000s\000i\000s\000:\000\040\000I\000f\000\040\000a\000\040\000c\000o\000u\000n\000t\000r\000y\000'\000s\000\040\000e\000x\000p\000o\000r\000t\000\040\000i\000s\000\040\000g\000r\000e\000a\000t\000e\000r\000\040\000t\000h\000a\000n\000\040\000i\000t\000s\000\040\000i\000m\000p\000o\000r\000t\000,\000\040\000i\000t\000\040\000w\000i\000l\000l\000\040\000h\000a\000v\000e\000\040\000a\000\040\000h\000i\000g\000h\000e\000r\000\040\000g\000d\000p\000.}{section*.4}% 5
\BOOKMARK [3][-]{section*.6}{\376\377\000H\000y\000p\000o\000t\000h\000e\000s\000i\000s\000:\000\040\000I\000f\000\040\000a\000\040\000c\000o\000u\000n\000t\000r\000y\000'\000s\000\040\000o\000u\000t\000-\000d\000e\000g\000r\000e\000e\000\040\000i\000s\000\040\000g\000r\000e\000a\000t\000e\000r\000\040\000t\000h\000a\000n\000\040\000i\000t\000s\000\040\000i\000n\000-\000d\000e\000g\000r\000e\000e\000,\000\040\000i\000t\000\040\000w\000i\000l\000l\000\040\000h\000a\000v\000e\000\040\000a\000\040\000h\000i\000g\000h\000e\000r\000\040\000g\000d\000p\000.}{section*.4}% 6
\BOOKMARK [2][-]{section*.7}{\376\377\000w\000h\000o\000\040\000i\000s\000\040\000t\000h\000e\000\040\000g\000r\000a\000p\000h\000\040\000c\000e\000n\000t\000e\000r}{section*.2}% 7
\BOOKMARK [1][-]{section*.8}{\376\377\000p\000o\000s\000i\000t\000o\000n\000a\000l\000\040\000d\000o\000m\000i\000n\000a\000n\000c\000e}{}% 8
\BOOKMARK [2][-]{section*.9}{\376\377\000E\000x\000p\000o\000r\000t\000s\000\040\000d\000o\000m\000i\000n\000a\000n\000c\000e}{section*.8}% 9
\BOOKMARK [2][-]{section*.10}{\376\377\000I\000m\000p\000o\000r\000t\000\040\000d\000o\000m\000i\000n\000a\000n\000c\000e}{section*.8}% 10
\BOOKMARK [2][-]{section*.11}{\376\377\000G\000D\000P\000\040\000d\000o\000m\000i\000n\000a\000n\000c\000e}{section*.8}% 11
\BOOKMARK [2][-]{section*.12}{\376\377\000W\000e\000\040\000d\000i\000v\000i\000d\000e\000\040\000c\000o\000u\000n\000t\000r\000i\000e\000s\000\040\000i\000n\000\040\0003\000\040\000g\000r\000o\000u\000p\000s\000\040\000b\000a\000s\000e\000d\000\040\000o\000n\000\040\000t\000h\000e\000i\000r\000\040\000G\000D\000P\000\040\000l\000e\000v\000e\000l}{section*.8}% 12
\BOOKMARK [2][-]{section*.13}{\376\377\000P\000o\000s\000i\000t\000i\000o\000n\000a\000l\000\040\000d\000o\000m\000i\000n\000a\000n\000c\000e\000\040\000w\000i\000t\000h\000\040\000r\000e\000s\000p\000e\000c\000t\000\040\000t\000o\000\040\000d\000i\000f\000f\000e\000r\000e\000n\000t\000\040\000g\000r\000o\000u\000p\000s\000\040\000\050\000w\000h\000o\000\040\000e\000x\000p\000o\000r\000t\000s\000\040\000m\000o\000r\000e\000\040\000t\000o\000w\000a\000r\000d\000s\000\040\000e\000a\000c\000h\000\040\000g\000r\000o\000u\000p\000\051}{section*.8}% 13
\BOOKMARK [2][-]{section*.14}{\376\377\000P\000o\000s\000i\000t\000i\000o\000n\000a\000l\000\040\000d\000o\000m\000i\000n\000a\000n\000c\000e\000\040\000w\000i\000t\000h\000\040\000r\000e\000s\000p\000e\000c\000t\000\040\000t\000o\000\040\000d\000i\000f\000f\000e\000r\000e\000n\000t\000\040\000g\000r\000o\000u\000p\000s\000\040\000\050\000w\000h\000o\000\040\000i\000m\000p\000o\000r\000t\000s\000\040\000m\000o\000r\000e\000\040\000f\000r\000o\000m\000\040\000e\000a\000c\000h\000\040\000g\000r\000o\000u\000p\000\051}{section*.8}% 14
\BOOKMARK [2][-]{section*.15}{\376\377\000W\000h\000o\000\040\000e\000x\000p\000o\000r\000t\000s\000\040\000m\000o\000r\000e\000\040\000w\000i\000t\000h\000i\000n\000\040\000e\000a\000c\000h\000\040\000g\000r\000o\000u\000p}{section*.8}% 15
\BOOKMARK [2][-]{section*.16}{\376\377\000W\000h\000o\000\040\000i\000m\000p\000o\000r\000t\000s\000\040\000m\000o\000r\000e\000\040\000w\000i\000t\000h\000i\000n\000\040\000e\000a\000c\000h\000\040\000g\000r\000o\000u\000p}{section*.8}% 16
\BOOKMARK [2][-]{section*.17}{\376\377\000C\000o\000r\000r\000e\000l\000a\000t\000i\000o\000n\000s}{section*.8}% 17
\BOOKMARK [2][-]{section*.18}{\376\377\000O\000v\000e\000r\000a\000l\000l\000\040\000c\000o\000n\000c\000l\000u\000s\000i\000o\000n\000s\000\040\000a\000b\000o\000u\000t\000\040\000t\000h\000i\000s\000\040\000s\000e\000c\000t\000i\000o\000n}{section*.8}% 18
\BOOKMARK [1][-]{section*.19}{\376\377\000W\000h\000o\000l\000e\000\040\000n\000e\000t\000w\000o\000r\000k\000\040\000s\000t\000r\000u\000c\000t\000u\000r\000e}{}% 19
\BOOKMARK [2][-]{section*.20}{\376\377\000C\000l\000i\000q\000u\000e\000s\000\040\000A\000n\000a\000l\000y\000s\000i\000s}{section*.19}% 20
\BOOKMARK [2][-]{section*.21}{\376\377\000I\000s\000\040\000i\000t\000\040\000A\000\040\000S\000m\000a\000l\000l\000\040\000W\000o\000r\000l\000d\000?}{section*.19}% 21
\BOOKMARK [3][-]{section*.22}{\376\377\000c\000l\000u\000s\000t\000e\000r\000i\000n\000g\000\040\000c\000o\000e\000f\000f\000i\000c\000i\000e\000n\000t}{section*.21}% 22
\BOOKMARK [3][-]{section*.23}{\376\377\000A\000v\000e\000r\000a\000g\000e\000\040\000T\000r\000a\000d\000e\000\040\000P\000a\000t\000h}{section*.21}% 23
\BOOKMARK [2][-]{section*.24}{\376\377\000C\000o\000r\000e\000-\000P\000e\000r\000i\000p\000h\000e\000r\000y\000\040\000N\000e\000t\000w\000o\000r\000k}{section*.19}% 24
\BOOKMARK [3][-]{section*.25}{\376\377\000C\000o\000r\000e\000\040\000c\000o\000u\000n\000t\000r\000i\000e\000s}{section*.24}% 25
\BOOKMARK [3][-]{section*.26}{\376\377\000S\000e\000m\000i\000-\000p\000e\000r\000i\000p\000h\000e\000r\000y\000\040\000c\000o\000u\000n\000t\000r\000i\000e\000s}{section*.24}% 26
\BOOKMARK [3][-]{section*.27}{\376\377\000P\000e\000r\000i\000p\000h\000e\000r\000y\000\040\000C\000o\000u\000t\000r\000i\000e\000s}{section*.24}% 27
